This is e-TeX, Version 3.141592-2.2 (MiKTeX 2.4) (preloaded format=latex 2005.10.5)  20 NOV 2005 17:43
entering extended mode
**exam2.tex
(exam2.tex
LaTeX2e <2003/12/01>
Babel <v3.8g> and hyphenation patterns for english, dumylang, nohyphenation, ge
rman, ngerman, french, loaded.
(C:\texmf\tex\latex\base\article.cls
Document Class: article 2004/02/16 v1.4f Standard LaTeX document class
(C:\texmf\tex\latex\base\size10.clo
File: size10.clo 2004/02/16 v1.4f Standard LaTeX file (size option)
)
\c@part=\count79
\c@section=\count80
\c@subsection=\count81
\c@subsubsection=\count82
\c@paragraph=\count83
\c@subparagraph=\count84
\c@figure=\count85
\c@table=\count86
\abovecaptionskip=\skip41
\belowcaptionskip=\skip42
\bibindent=\dimen102
) (exam2.aux)
LaTeX Font Info:    Checking defaults for OML/cmm/m/it on input line 2.
LaTeX Font Info:    ... okay on input line 2.
LaTeX Font Info:    Checking defaults for T1/cmr/m/n on input line 2.
LaTeX Font Info:    ... okay on input line 2.
LaTeX Font Info:    Checking defaults for OT1/cmr/m/n on input line 2.
LaTeX Font Info:    ... okay on input line 2.
LaTeX Font Info:    Checking defaults for OMS/cmsy/m/n on input line 2.
LaTeX Font Info:    ... okay on input line 2.
LaTeX Font Info:    Checking defaults for OMX/cmex/m/n on input line 2.
LaTeX Font Info:    ... okay on input line 2.
LaTeX Font Info:    Checking defaults for U/cmr/m/n on input line 2.
LaTeX Font Info:    ... okay on input line 2.
LaTeX Font Info:    External font `cmex10' loaded for size
(Font)              <7> on input line 11.
LaTeX Font Info:    External font `cmex10' loaded for size
(Font)              <5> on input line 11.
 [1

] [2] [3] [4]
Overfull \hbox (59.24648pt too wide) in paragraph at lines 262--262
[]     \OT1/cmtt/m/n/10 return 0.5555555556 * f(0.7745966692) + 0.8888888889 * 
f(0.0000000000) +[] 
 []


Overfull \hbox (59.24648pt too wide) in paragraph at lines 262--262
[]     \OT1/cmtt/m/n/10 return 0.3478548451 * f(0.8611363116) + 0.6521451549 * 
f(0.3399810436) +[] 
 []


Overfull \hbox (64.49643pt too wide) in paragraph at lines 262--262
[]            \OT1/cmtt/m/n/10 0.6521451549 * f(-0.3399810436) + 0.3478548451 *
 f(-0.8611363116);[] 
 []

[5]
Overfull \hbox (59.24648pt too wide) in paragraph at lines 262--262
[]     \OT1/cmtt/m/n/10 return 0.2369268850 * f(0.9061798459) + 0.4786286705 * 
f(0.5384693101) +[] 
 []


Overfull \hbox (64.49643pt too wide) in paragraph at lines 262--262
[]            \OT1/cmtt/m/n/10 0.5688888889 * f(0.0000000000) + 0.4786286705 * 
f(-0.5384693101) +[] 
 []

[6] [7] [8]
Overfull \hbox (38.24666pt too wide) in paragraph at lines 465--465
[]\OT1/cmtt/m/n/10 double trapezoid2d(int n, int m, double a, double b, double 
c, double d);[] 
 []


Overfull \hbox (48.74657pt too wide) in paragraph at lines 465--465
[]      \OT1/cmtt/m/n/10 printf("%d \t %d \t %3.15f \n", n, m, trapezoid2d(n, m
, a, b, c, d));[] 
 []


Overfull \hbox (32.9967pt too wide) in paragraph at lines 465--465
[]\OT1/cmtt/m/n/10 double trapezoid2d(int n, int m, double a, double b, double 
c, double d)[] 
 []

[9]
Overfull \hbox (38.24666pt too wide) in paragraph at lines 465--465
[]   \OT1/cmtt/m/n/10 return (.25) * h * k * (2 * sum[0] + 2 * sum[1] + 4 * sum
[2] + f(a, c)[] 
 []

[10]
Overfull \hbox (11.99689pt too wide) in paragraph at lines 512--512
[]                           \OT1/cmtt/m/n/10 romberg[i-1][j-1]) / (pow(4.0, j)
 - 1.0);[] 
 []

[11]
Overfull \hbox (59.24648pt too wide) in paragraph at lines 593--593
[]     \OT1/cmtt/m/n/10 return 0.5555555556 * f(0.7745966692) + 0.8888888889 * 
f(0.0000000000) +[] 
 []


Overfull \hbox (59.24648pt too wide) in paragraph at lines 593--593
[]     \OT1/cmtt/m/n/10 return 0.3478548451 * f(0.8611363116) + 0.6521451549 * 
f(0.3399810436) +[] 
 []


Overfull \hbox (22.4968pt too wide) in paragraph at lines 593--593
[]    \OT1/cmtt/m/n/10 0.6521451549 * f(-0.3399810436) + 0.3478548451 * f(-0.86
11363116);[] 
 []


Overfull \hbox (59.24648pt too wide) in paragraph at lines 593--593
[]     \OT1/cmtt/m/n/10 return 0.2369268850 * f(0.9061798459) + 0.4786286705 * 
f(0.5384693101) +[] 
 []


Overfull \hbox (22.4968pt too wide) in paragraph at lines 593--593
[]    \OT1/cmtt/m/n/10 0.5688888889 * f(0.0000000000) + 0.4786286705 * f(-0.538
4693101) +[] 
 []


Overfull \hbox (48.74657pt too wide) in paragraph at lines 593--593
[]   \OT1/cmtt/m/n/10 return 1.0 / ( sqrt(pow(x - 5.0, 2) + pow(x - 7.0, 2) + p
ow(3.0, 2) ) );[] 
 []

[12] [13] (exam2.aux) ) 
Here is how much of TeX's memory you used:
 225 strings out of 95901
 2106 string characters out of 1195329
 48914 words of memory out of 1049626
 3329 multiletter control sequences out of 60000
 5326 words of font info for 20 fonts, out of 1000000 for 2000
 14 hyphenation exceptions out of 4999
 23i,5n,17p,172b,246s stack positions out of 5000i,500n,10000p,200000b,32768s

Output written on exam2.dvi (13 pages, 18652 bytes).
